[debug] [2018-05-16T01:58:58.583Z] ----------------------------------------------------------------------
[debug] [2018-05-16T01:58:58.585Z] Command:       /usr/local/Cellar/node/10.1.0/bin/node /usr/local/bin/firebase deploy
[debug] [2018-05-16T01:58:58.585Z] CLI Version:   3.18.4
[debug] [2018-05-16T01:58:58.585Z] Platform:      darwin
[debug] [2018-05-16T01:58:58.585Z] Node Version:  v10.1.0
[debug] [2018-05-16T01:58:58.586Z] Time:          Tue May 15 2018 18:58:58 GMT-0700 (PDT)
[debug] [2018-05-16T01:58:58.586Z] ----------------------------------------------------------------------
[debug] 
[debug] [2018-05-16T01:58:58.683Z] > command requires scopes: ["email","openid","https://www.googleapis.com/auth/cloudplatformprojects.readonly","https://www.googleapis.com/auth/firebase","https://www.googleapis.com/auth/cloud-platform"]
[debug] [2018-05-16T01:58:58.683Z] > authorizing via signed-in user
[debug] [2018-05-16T01:58:58.685Z] > refreshing access token with scopes: ["email","https://www.googleapis.com/auth/cloud-platform","https://www.googleapis.com/auth/cloudplatformprojects.readonly","https://www.googleapis.com/auth/firebase","openid"]
[debug] [2018-05-16T01:58:58.685Z] >>> HTTP REQUEST POST https://www.googleapis.com/oauth2/v3/token  
 { refresh_token: '1/aSAiwS8nIjHkb66D7COd-R7ehUZaToYq-ZgTwKMH_dw',
  client_id: '563584335869-fgrhgmd47bqnekij5i8b5pr03ho849e6.apps.googleusercontent.com',
  client_secret: 'j9iVZfS8kkCEFUPaAeJV0sAi',
  grant_type: 'refresh_token',
  scope: 'email https://www.googleapis.com/auth/cloud-platform https://www.googleapis.com/auth/cloudplatformprojects.readonly https://www.googleapis.com/auth/firebase openid' } 
 Tue May 15 2018 18:58:58 GMT-0700 (PDT)
[debug] [2018-05-16T01:58:58.936Z] <<< HTTP RESPONSE 200
[debug] [2018-05-16T01:58:59.082Z] >>> HTTP REQUEST GET https://admin.firebase.com/v1/projects/mongodb-api  
  
 Tue May 15 2018 18:58:59 GMT-0700 (PDT)
[debug] [2018-05-16T01:59:00.122Z] <<< HTTP RESPONSE 200
[debug] [2018-05-16T01:59:00.123Z] >>> HTTP REQUEST GET https://admin.firebase.com/v1/database/mongodb-api/tokens  
  
 Tue May 15 2018 18:59:00 GMT-0700 (PDT)
[debug] [2018-05-16T01:59:00.624Z] <<< HTTP RESPONSE 200
[info] 
[info] === Deploying to 'mongodb-api'...
[info] 
[info] i  deploying hosting
[info] i  hosting: preparing public directory for upload...
[debug] [2018-05-16T01:59:01.102Z] >>> HTTP REQUEST PUT https://deploy.firebase.com/v1/hosting/mongodb-api/uploads/-LCaf-doAv58X8hfPVVp?fileCount=7&message=  
  
 Tue May 15 2018 18:59:01 GMT-0700 (PDT)
[debug] [2018-05-16T01:59:02.272Z] <<< HTTP RESPONSE 200
[debug] [2018-05-16T01:59:02.272Z] [hosting] .tgz uploaded successfully, waiting for extraction
